# JRE version: 7.0_17-b02
# Java VM: Java HotSpot(TM) 64-Bit Server VM (23.7-b01 mixed mode windows-amd64 compressed oops)
Heap
 par new generation   total 55296K, used 3402K [0x0000000778000000, 0x000000077bc00000, 0x000000077bc00000)
  eden space 49152K,   6% used [0x0000000778000000, 0x0000000778352b40, 0x000000077b000000)
  from space 6144K,   0% used [0x000000077b600000, 0x000000077b600000, 0x000000077bc00000)
  to   space 6144K,   0% used [0x000000077b000000, 0x000000077b000000, 0x000000077b600000)
 concurrent mark-sweep generation total 69632K, used 36068K [0x000000077bc00000, 0x0000000780000000, 0x00000007f8000000)
 concurrent-mark-sweep perm gen total 131072K, used 53315K [0x00000007f8000000, 0x0000000800000000, 0x0000000800000000)
GC Heap History (10 events):
Event: 15.649 GC heap before
{Heap before GC invocations=56 (full 50):
 par new generation   total 55296K, used 2349K [0x0000000778000000, 0x000000077bc00000, 0x000000077bc00000)
  eden space 49152K,   4% used [0x0000000778000000, 0x000000077824b7d8, 0x000000077b000000)
  from space 6144K,   0% used [0x000000077b000000, 0x000000077b000000, 0x000000077b600000)
  to   space 6144K,   0% used [0x000000077b600000, 0x000000077b600000, 0x000000077bc00000)
 concurrent mark-sweep generation total 69632K, used 33776K [0x000000077bc00000, 0x0000000780000000, 0x00000007f8000000)
 concurrent-mark-sweep perm gen total 131072K, used 52491K [0x00000007f8000000, 0x0000000800000000, 0x0000000800000000)
Event: 15.769 GC heap after
Heap after GC invocations=57 (full 51):
 par new generation   total 55296K, used 0K [0x0000000778000000, 0x000000077bc00000, 0x000000077bc00000)
  eden space 49152K,   0% used [0x0000000778000000, 0x0000000778000000, 0x000000077b000000)
  from space 6144K,   0% used [0x000000077b000000, 0x000000077b000000, 0x000000077b600000)
  to   space 6144K,   0% used [0x000000077b600000, 0x000000077b600000, 0x000000077bc00000)
 concurrent mark-sweep generation total 69632K, used 33830K [0x000000077bc00000, 0x0000000780000000, 0x00000007f8000000)
 concurrent-mark-sweep perm gen total 131072K, used 52491K [0x00000007f8000000, 0x0000000800000000, 0x0000000800000000)
}
Event: 17.001 GC heap before
{Heap before GC invocations=57 (full 51):
 par new generation   total 55296K, used 11292K [0x0000000778000000, 0x000000077bc00000, 0x000000077bc00000)
  eden space 49152K,  22% used [0x0000000778000000, 0x0000000778b07268, 0x000000077b000000)
  from space 6144K,   0% used [0x000000077b000000, 0x000000077b000000, 0x000000077b600000)
  to   space 6144K,   0% used [0x000000077b600000, 0x000000077b600000, 0x000000077bc00000)
 concurrent mark-sweep generation total 69632K, used 33830K [0x000000077bc00000, 0x0000000780000000, 0x00000007f8000000)
 concurrent-mark-sweep perm gen total 131072K, used 52906K [0x00000007f8000000, 0x0000000800000000, 0x0000000800000000)
Event: 17.156 GC heap after
Heap after GC invocations=58 (full 52):
 par new generation   total 55296K, used 0K [0x0000000778000000, 0x000000077bc00000, 0x000000077bc00000)
  eden space 49152K,   0% used [0x0000000778000000, 0x0000000778000000, 0x000000077b000000)
  from space 6144K,   0% used [0x000000077b000000, 0x000000077b000000, 0x000000077b600000)
  to   space 6144K,   0% used [0x000000077b600000, 0x000000077b600000, 0x000000077bc00000)
 concurrent mark-sweep generation total 69632K, used 35806K [0x000000077bc00000, 0x0000000780000000, 0x00000007f8000000)
 concurrent-mark-sweep perm gen total 131072K, used 52903K [0x00000007f8000000, 0x0000000800000000, 0x0000000800000000)
}
Event: 17.204 GC heap before
{Heap before GC invocations=58 (full 53):
 par new generation   total 55296K, used 1610K [0x0000000778000000, 0x000000077bc00000, 0x000000077bc00000)
  eden space 49152K,   3% used [0x0000000778000000, 0x0000000778192a88, 0x000000077b000000)
  from space 6144K,   0% used [0x000000077b000000, 0x000000077b000000, 0x000000077b600000)
  to   space 6144K,   0% used [0x000000077b600000, 0x000000077b600000, 0x000000077bc00000)
 concurrent mark-sweep generation total 69632K, used 35806K [0x000000077bc00000, 0x0000000780000000, 0x00000007f8000000)
 concurrent-mark-sweep perm gen total 131072K, used 52907K [0x00000007f8000000, 0x0000000800000000, 0x0000000800000000)
Event: 17.205 GC heap after
Heap after GC invocations=59 (full 53):
 par new generation   total 55296K, used 1262K [0x0000000778000000, 0x000000077bc00000, 0x000000077bc00000)
  eden space 49152K,   0% used [0x0000000778000000, 0x0000000778000000, 0x000000077b000000)
  from space 6144K,  20% used [0x000000077b600000, 0x000000077b73b938, 0x000000077bc00000)
  to   space 6144K,   0% used [0x000000077b000000, 0x000000077b000000, 0x000000077b600000)
 concurrent mark-sweep generation total 69632K, used 35806K [0x000000077bc00000, 0x0000000780000000, 0x00000007f8000000)
 concurrent-mark-sweep perm gen total 131072K, used 52907K [0x00000007f8000000, 0x0000000800000000, 0x0000000800000000)
}
Event: 18.305 GC heap before
{Heap before GC invocations=59 (full 53):
 par new generation   total 55296K, used 7025K [0x0000000778000000, 0x000000077bc00000, 0x000000077bc00000)
  eden space 49152K,  11% used [0x0000000778000000, 0x00000007785a0e98, 0x000000077b000000)
  from space 6144K,  20% used [0x000000077b600000, 0x000000077b73b938, 0x000000077bc00000)
  to   space 6144K,   0% used [0x000000077b000000, 0x000000077b000000, 0x000000077b600000)
 concurrent mark-sweep generation total 69632K, used 35463K [0x000000077bc00000, 0x0000000780000000, 0x00000007f8000000)
 concurrent-mark-sweep perm gen total 131072K, used 53081K [0x00000007f8000000, 0x0000000800000000, 0x0000000800000000)
Event: 18.441 GC heap after
Heap after GC invocations=60 (full 54):
 par new generation   total 55296K, used 0K [0x0000000778000000, 0x000000077bc00000, 0x000000077bc00000)
  eden space 49152K,   0% used [0x0000000778000000, 0x0000000778000000, 0x000000077b000000)
  from space 6144K,   0% used [0x000000077b600000, 0x000000077b600000, 0x000000077bc00000)
  to   space 6144K,   0% used [0x000000077b000000, 0x000000077b000000, 0x000000077b600000)
 concurrent mark-sweep generation total 69632K, used 35703K [0x000000077bc00000, 0x0000000780000000, 0x00000007f8000000)
 concurrent-mark-sweep perm gen total 131072K, used 53080K [0x00000007f8000000, 0x0000000800000000, 0x0000000800000000)
}
Event: 18.962 GC heap before
{Heap before GC invocations=60 (full 54):
 par new generation   total 55296K, used 13278K [0x0000000778000000, 0x000000077bc00000, 0x000000077bc00000)
  eden space 49152K,  27% used [0x0000000778000000, 0x0000000778cf7b90, 0x000000077b000000)
  from space 6144K,   0% used [0x000000077b600000, 0x000000077b600000, 0x000000077bc00000)
  to   space 6144K,   0% used [0x000000077b000000, 0x000000077b000000, 0x000000077b600000)
 concurrent mark-sweep generation total 69632K, used 35703K [0x000000077bc00000, 0x0000000780000000, 0x00000007f8000000)
 concurrent-mark-sweep perm gen total 131072K, used 53280K [0x00000007f8000000, 0x0000000800000000, 0x0000000800000000)
Event: 19.098 GC heap after
Heap after GC invocations=61 (full 55):
 par new generation   total 55296K, used 0K [0x0000000778000000, 0x000000077bc00000, 0x000000077bc00000)
  eden space 49152K,   0% used [0x0000000778000000, 0x0000000778000000, 0x000000077b000000)
  from space 6144K,   0% used [0x000000077b600000, 0x000000077b600000, 0x000000077bc00000)
  to   space 6144K,   0% used [0x000000077b000000, 0x000000077b000000, 0x000000077b600000)
 concurrent mark-sweep generation total 69632K, used 36068K [0x000000077bc00000, 0x0000000780000000, 0x00000007f8000000)
 concurrent-mark-sweep perm gen total 131072K, used 53279K [0x00000007f8000000, 0x0000000800000000, 0x0000000800000000)
}

