# JRE version: 7.0_17-b02
# Java VM: Java HotSpot(TM) 64-Bit Server VM (23.7-b01 mixed mode windows-amd64 compressed oops)
Heap
 par new generation   total 55296K, used 6299K [0x0000000778000000, 0x000000077bc00000, 0x000000077bc00000)
  eden space 49152K,  12% used [0x0000000778000000, 0x0000000778626c20, 0x000000077b000000)
  from space 6144K,   0% used [0x000000077b600000, 0x000000077b600000, 0x000000077bc00000)
  to   space 6144K,   0% used [0x000000077b000000, 0x000000077b000000, 0x000000077b600000)
 concurrent mark-sweep generation total 69632K, used 33105K [0x000000077bc00000, 0x0000000780000000, 0x00000007f8000000)
 concurrent-mark-sweep perm gen total 131072K, used 53371K [0x00000007f8000000, 0x0000000800000000, 0x0000000800000000)
GC Heap History (10 events):
Event: 28.104 GC heap before
{Heap before GC invocations=56 (full 49):
 par new generation   total 55296K, used 6246K [0x0000000778000000, 0x000000077bc00000, 0x000000077bc00000)
  eden space 49152K,   4% used [0x0000000778000000, 0x0000000778235ff0, 0x000000077b000000)
  from space 6144K,  64% used [0x000000077b600000, 0x000000077b9e3a50, 0x000000077bc00000)
  to   space 6144K,   0% used [0x000000077b000000, 0x000000077b000000, 0x000000077b600000)
 concurrent mark-sweep generation total 69632K, used 32451K [0x000000077bc00000, 0x0000000780000000, 0x00000007f8000000)
 concurrent-mark-sweep perm gen total 131072K, used 52611K [0x00000007f8000000, 0x0000000800000000, 0x0000000800000000)
Event: 28.273 GC heap after
Heap after GC invocations=57 (full 50):
 par new generation   total 55296K, used 0K [0x0000000778000000, 0x000000077bc00000, 0x000000077bc00000)
  eden space 49152K,   0% used [0x0000000778000000, 0x0000000778000000, 0x000000077b000000)
  from space 6144K,   0% used [0x000000077b600000, 0x000000077b600000, 0x000000077bc00000)
  to   space 6144K,   0% used [0x000000077b000000, 0x000000077b000000, 0x000000077b600000)
 concurrent mark-sweep generation total 69632K, used 33697K [0x000000077bc00000, 0x0000000780000000, 0x00000007f8000000)
 concurrent-mark-sweep perm gen total 131072K, used 52608K [0x00000007f8000000, 0x0000000800000000, 0x0000000800000000)
}
Event: 28.424 GC heap before
{Heap before GC invocations=57 (full 50):
 par new generation   total 55296K, used 6028K [0x0000000778000000, 0x000000077bc00000, 0x000000077bc00000)
  eden space 49152K,  12% used [0x0000000778000000, 0x00000007785e3090, 0x000000077b000000)
  from space 6144K,   0% used [0x000000077b600000, 0x000000077b600000, 0x000000077bc00000)
  to   space 6144K,   0% used [0x000000077b000000, 0x000000077b000000, 0x000000077b600000)
 concurrent mark-sweep generation total 69632K, used 33697K [0x000000077bc00000, 0x0000000780000000, 0x00000007f8000000)
 concurrent-mark-sweep perm gen total 131072K, used 52880K [0x00000007f8000000, 0x0000000800000000, 0x0000000800000000)
Event: 28.588 GC heap after
Heap after GC invocations=58 (full 51):
 par new generation   total 55296K, used 0K [0x0000000778000000, 0x000000077bc00000, 0x000000077bc00000)
  eden space 49152K,   0% used [0x0000000778000000, 0x0000000778000000, 0x000000077b000000)
  from space 6144K,   0% used [0x000000077b600000, 0x000000077b600000, 0x000000077bc00000)
  to   space 6144K,   0% used [0x000000077b000000, 0x000000077b000000, 0x000000077b600000)
 concurrent mark-sweep generation total 69632K, used 34161K [0x000000077bc00000, 0x0000000780000000, 0x00000007f8000000)
 concurrent-mark-sweep perm gen total 131072K, used 52878K [0x00000007f8000000, 0x0000000800000000, 0x0000000800000000)
}
Event: 29.830 GC heap before
{Heap before GC invocations=58 (full 51):
 par new generation   total 55296K, used 8044K [0x0000000778000000, 0x000000077bc00000, 0x000000077bc00000)
  eden space 49152K,  16% used [0x0000000778000000, 0x00000007787db080, 0x000000077b000000)
  from space 6144K,   0% used [0x000000077b600000, 0x000000077b600000, 0x000000077bc00000)
  to   space 6144K,   0% used [0x000000077b000000, 0x000000077b000000, 0x000000077b600000)
 concurrent mark-sweep generation total 69632K, used 34161K [0x000000077bc00000, 0x0000000780000000, 0x00000007f8000000)
 concurrent-mark-sweep perm gen total 131072K, used 53021K [0x00000007f8000000, 0x0000000800000000, 0x0000000800000000)
Event: 29.974 GC heap after
Heap after GC invocations=59 (full 52):
 par new generation   total 55296K, used 0K [0x0000000778000000, 0x000000077bc00000, 0x000000077bc00000)
  eden space 49152K,   0% used [0x0000000778000000, 0x0000000778000000, 0x000000077b000000)
  from space 6144K,   0% used [0x000000077b600000, 0x000000077b600000, 0x000000077bc00000)
  to   space 6144K,   0% used [0x000000077b000000, 0x000000077b000000, 0x000000077b600000)
 concurrent mark-sweep generation total 69632K, used 35367K [0x000000077bc00000, 0x0000000780000000, 0x00000007f8000000)
 concurrent-mark-sweep perm gen total 131072K, used 53019K [0x00000007f8000000, 0x0000000800000000, 0x0000000800000000)
}
Event: 31.323 GC heap before
{Heap before GC invocations=59 (full 53):
 par new generation   total 55296K, used 5474K [0x0000000778000000, 0x000000077bc00000, 0x000000077bc00000)
  eden space 49152K,  11% used [0x0000000778000000, 0x0000000778558810, 0x000000077b000000)
  from space 6144K,   0% used [0x000000077b600000, 0x000000077b600000, 0x000000077bc00000)
  to   space 6144K,   0% used [0x000000077b000000, 0x000000077b000000, 0x000000077b600000)
 concurrent mark-sweep generation total 69632K, used 35367K [0x000000077bc00000, 0x0000000780000000, 0x00000007f8000000)
 concurrent-mark-sweep perm gen total 131072K, used 53169K [0x00000007f8000000, 0x0000000800000000, 0x0000000800000000)
Event: 31.472 GC heap after
Heap after GC invocations=60 (full 54):
 par new generation   total 55296K, used 0K [0x0000000778000000, 0x000000077bc00000, 0x000000077bc00000)
  eden space 49152K,   0% used [0x0000000778000000, 0x0000000778000000, 0x000000077b000000)
  from space 6144K,   0% used [0x000000077b600000, 0x000000077b600000, 0x000000077bc00000)
  to   space 6144K,   0% used [0x000000077b000000, 0x000000077b000000, 0x000000077b600000)
 concurrent mark-sweep generation total 69632K, used 34472K [0x000000077bc00000, 0x0000000780000000, 0x00000007f8000000)
 concurrent-mark-sweep perm gen total 131072K, used 53168K [0x00000007f8000000, 0x0000000800000000, 0x0000000800000000)
}
Event: 31.826 GC heap before
{Heap before GC invocations=60 (full 54):
 par new generation   total 55296K, used 7737K [0x0000000778000000, 0x000000077bc00000, 0x000000077bc00000)
  eden space 49152K,  15% used [0x0000000778000000, 0x000000077878e7e0, 0x000000077b000000)
  from space 6144K,   0% used [0x000000077b600000, 0x000000077b600000, 0x000000077bc00000)
  to   space 6144K,   0% used [0x000000077b000000, 0x000000077b000000, 0x000000077b600000)
 concurrent mark-sweep generation total 69632K, used 34472K [0x000000077bc00000, 0x0000000780000000, 0x00000007f8000000)
 concurrent-mark-sweep perm gen total 131072K, used 53250K [0x00000007f8000000, 0x0000000800000000, 0x0000000800000000)
Event: 32.037 GC heap after
Heap after GC invocations=61 (full 55):
 par new generation   total 55296K, used 0K [0x0000000778000000, 0x000000077bc00000, 0x000000077bc00000)
  eden space 49152K,   0% used [0x0000000778000000, 0x0000000778000000, 0x000000077b000000)
  from space 6144K,   0% used [0x000000077b600000, 0x000000077b600000, 0x000000077bc00000)
  to   space 6144K,   0% used [0x000000077b000000, 0x000000077b000000, 0x000000077b600000)
 concurrent mark-sweep generation total 69632K, used 33105K [0x000000077bc00000, 0x0000000780000000, 0x00000007f8000000)
 concurrent-mark-sweep perm gen total 131072K, used 53249K [0x00000007f8000000, 0x0000000800000000, 0x0000000800000000)
}

