# JRE version: 7.0_17-b02
# Java VM: Java HotSpot(TM) 64-Bit Server VM (23.7-b01 mixed mode windows-amd64 compressed oops)
Heap
 par new generation   total 55296K, used 4115K [0x0000000778000000, 0x000000077bc00000, 0x000000077bc00000)
  eden space 49152K,   8% used [0x0000000778000000, 0x0000000778404c90, 0x000000077b000000)
  from space 6144K,   0% used [0x000000077b600000, 0x000000077b600000, 0x000000077bc00000)
  to   space 6144K,   0% used [0x000000077b000000, 0x000000077b000000, 0x000000077b600000)
 concurrent mark-sweep generation total 69632K, used 35935K [0x000000077bc00000, 0x0000000780000000, 0x00000007f8000000)
 concurrent-mark-sweep perm gen total 131072K, used 53335K [0x00000007f8000000, 0x0000000800000000, 0x0000000800000000)
GC Heap History (10 events):
Event: 19.750 GC heap after
Heap after GC invocations=56 (full 49):
 par new generation   total 55296K, used 0K [0x0000000778000000, 0x000000077bc00000, 0x000000077bc00000)
  eden space 49152K,   0% used [0x0000000778000000, 0x0000000778000000, 0x000000077b000000)
  from space 6144K,   0% used [0x000000077b600000, 0x000000077b600000, 0x000000077bc00000)
  to   space 6144K,   0% used [0x000000077b000000, 0x000000077b000000, 0x000000077b600000)
 concurrent mark-sweep generation total 69632K, used 33728K [0x000000077bc00000, 0x0000000780000000, 0x00000007f8000000)
 concurrent-mark-sweep perm gen total 131072K, used 52509K [0x00000007f8000000, 0x0000000800000000, 0x0000000800000000)
}
Event: 19.858 GC heap before
{Heap before GC invocations=56 (full 49):
 par new generation   total 55296K, used 4836K [0x0000000778000000, 0x000000077bc00000, 0x000000077bc00000)
  eden space 49152K,   9% used [0x0000000778000000, 0x00000007784b91f0, 0x000000077b000000)
  from space 6144K,   0% used [0x000000077b600000, 0x000000077b600000, 0x000000077bc00000)
  to   space 6144K,   0% used [0x000000077b000000, 0x000000077b000000, 0x000000077b600000)
 concurrent mark-sweep generation total 69632K, used 33728K [0x000000077bc00000, 0x0000000780000000, 0x00000007f8000000)
 concurrent-mark-sweep perm gen total 131072K, used 52717K [0x00000007f8000000, 0x0000000800000000, 0x0000000800000000)
Event: 19.988 GC heap after
Heap after GC invocations=57 (full 50):
 par new generation   total 55296K, used 0K [0x0000000778000000, 0x000000077bc00000, 0x000000077bc00000)
  eden space 49152K,   0% used [0x0000000778000000, 0x0000000778000000, 0x000000077b000000)
  from space 6144K,   0% used [0x000000077b600000, 0x000000077b600000, 0x000000077bc00000)
  to   space 6144K,   0% used [0x000000077b000000, 0x000000077b000000, 0x000000077b600000)
 concurrent mark-sweep generation total 69632K, used 34310K [0x000000077bc00000, 0x0000000780000000, 0x00000007f8000000)
 concurrent-mark-sweep perm gen total 131072K, used 52715K [0x00000007f8000000, 0x0000000800000000, 0x0000000800000000)
}
Event: 21.172 GC heap before
{Heap before GC invocations=57 (full 50):
 par new generation   total 55296K, used 8592K [0x0000000778000000, 0x000000077bc00000, 0x000000077bc00000)
  eden space 49152K,  17% used [0x0000000778000000, 0x0000000778864128, 0x000000077b000000)
  from space 6144K,   0% used [0x000000077b600000, 0x000000077b600000, 0x000000077bc00000)
  to   space 6144K,   0% used [0x000000077b000000, 0x000000077b000000, 0x000000077b600000)
 concurrent mark-sweep generation total 69632K, used 34310K [0x000000077bc00000, 0x0000000780000000, 0x00000007f8000000)
 concurrent-mark-sweep perm gen total 131072K, used 52990K [0x00000007f8000000, 0x0000000800000000, 0x0000000800000000)
Event: 21.333 GC heap after
Heap after GC invocations=58 (full 51):
 par new generation   total 55296K, used 0K [0x0000000778000000, 0x000000077bc00000, 0x000000077bc00000)
  eden space 49152K,   0% used [0x0000000778000000, 0x0000000778000000, 0x000000077b000000)
  from space 6144K,   0% used [0x000000077b600000, 0x000000077b600000, 0x000000077bc00000)
  to   space 6144K,   0% used [0x000000077b000000, 0x000000077b000000, 0x000000077b600000)
 concurrent mark-sweep generation total 69632K, used 35620K [0x000000077bc00000, 0x0000000780000000, 0x00000007f8000000)
 concurrent-mark-sweep perm gen total 131072K, used 52988K [0x00000007f8000000, 0x0000000800000000, 0x0000000800000000)
}
Event: 23.234 GC heap before
{Heap before GC invocations=58 (full 52):
 par new generation   total 55296K, used 9392K [0x0000000778000000, 0x000000077bc00000, 0x000000077bc00000)
  eden space 49152K,  19% used [0x0000000778000000, 0x000000077892c3b0, 0x000000077b000000)
  from space 6144K,   0% used [0x000000077b600000, 0x000000077b600000, 0x000000077bc00000)
  to   space 6144K,   0% used [0x000000077b000000, 0x000000077b000000, 0x000000077b600000)
 concurrent mark-sweep generation total 69632K, used 35620K [0x000000077bc00000, 0x0000000780000000, 0x00000007f8000000)
 concurrent-mark-sweep perm gen total 131072K, used 53258K [0x00000007f8000000, 0x0000000800000000, 0x0000000800000000)
Event: 23.368 GC heap after
Heap after GC invocations=59 (full 53):
 par new generation   total 55296K, used 0K [0x0000000778000000, 0x000000077bc00000, 0x000000077bc00000)
  eden space 49152K,   0% used [0x0000000778000000, 0x0000000778000000, 0x000000077b000000)
  from space 6144K,   0% used [0x000000077b600000, 0x000000077b600000, 0x000000077bc00000)
  to   space 6144K,   0% used [0x000000077b000000, 0x000000077b000000, 0x000000077b600000)
 concurrent mark-sweep generation total 69632K, used 35775K [0x000000077bc00000, 0x0000000780000000, 0x00000007f8000000)
 concurrent-mark-sweep perm gen total 131072K, used 53256K [0x00000007f8000000, 0x0000000800000000, 0x0000000800000000)
}
Event: 23.559 GC heap before
{Heap before GC invocations=59 (full 54):
 par new generation   total 55296K, used 7586K [0x0000000778000000, 0x000000077bc00000, 0x000000077bc00000)
  eden space 49152K,  15% used [0x0000000778000000, 0x0000000778768b80, 0x000000077b000000)
  from space 6144K,   0% used [0x000000077b600000, 0x000000077b600000, 0x000000077bc00000)
  to   space 6144K,   0% used [0x000000077b000000, 0x000000077b000000, 0x000000077b600000)
 concurrent mark-sweep generation total 69632K, used 35775K [0x000000077bc00000, 0x0000000780000000, 0x00000007f8000000)
 concurrent-mark-sweep perm gen total 131072K, used 53307K [0x00000007f8000000, 0x0000000800000000, 0x0000000800000000)
Event: 23.719 GC heap after
Heap after GC invocations=60 (full 55):
 par new generation   total 55296K, used 0K [0x0000000778000000, 0x000000077bc00000, 0x000000077bc00000)
  eden space 49152K,   0% used [0x0000000778000000, 0x0000000778000000, 0x000000077b000000)
  from space 6144K,   0% used [0x000000077b600000, 0x000000077b600000, 0x000000077bc00000)
  to   space 6144K,   0% used [0x000000077b000000, 0x000000077b000000, 0x000000077b600000)
 concurrent mark-sweep generation total 69632K, used 35935K [0x000000077bc00000, 0x0000000780000000, 0x00000007f8000000)
 concurrent-mark-sweep perm gen total 131072K, used 53307K [0x00000007f8000000, 0x0000000800000000, 0x0000000800000000)
}
Event: 23.978 GC heap before
{Heap before GC invocations=60 (full 56):
 par new generation   total 55296K, used 4115K [0x0000000778000000, 0x000000077bc00000, 0x000000077bc00000)
  eden space 49152K,   8% used [0x0000000778000000, 0x0000000778404c90, 0x000000077b000000)
  from space 6144K,   0% used [0x000000077b600000, 0x000000077b600000, 0x000000077bc00000)
  to   space 6144K,   0% used [0x000000077b000000, 0x000000077b000000, 0x000000077b600000)
 concurrent mark-sweep generation total 69632K, used 35935K [0x000000077bc00000, 0x0000000780000000, 0x00000007f8000000)
 concurrent-mark-sweep perm gen total 131072K, used 53335K [0x00000007f8000000, 0x0000000800000000, 0x0000000800000000)

